2021-04-18 21:11:43,661 [main] INFO  com.solvd.townhall.TownHallTest - Set Addresses by calling method created in this classclass com.solvd.townhall.TownHallTest
2021-04-18 21:11:46,060 [main] ERROR com.solvd.townhall.TownHallTest - Because you entered an invalid LAST Name property is NULL.
2021-04-18 21:11:46,074 [main] FATAL com.solvd.townhall.TownHallTest - PROPERTY NOT FOUND!!! PLEASE TRY AGAIN
2021-04-18 21:49:28,334 [main] INFO  com.solvd.townhall.TownHallTest - Set Addresses by calling method created in this classclass com.solvd.townhall.TownHallTest
2021-04-18 21:49:30,959 [main] FATAL com.solvd.townhall.TownHallTest - PROPERTY NOT FOUND!!! PLEASE TRY AGAIN
2021-04-18 21:49:30,959 [main] ERROR com.solvd.townhall.TownHallTest - Passed an error on purpose to show exception in console
2021-04-18 21:53:52,670 [main] INFO  com.solvd.townhall.TownHallTest - Set Addresses by calling method created in this classclass com.solvd.townhall.TownHallTest
2021-04-18 21:54:16,147 [main] INFO  com.solvd.townhall.TownHallTest - Set Addresses by calling method created in this classclass com.solvd.townhall.TownHallTest
2021-04-18 21:54:20,551 [main] FATAL com.solvd.townhall.TownHallTest - PROPERTY NOT FOUND!!! PLEASE TRY AGAIN
2021-04-18 21:54:20,551 [main] ERROR com.solvd.townhall.TownHallTest - Passed an error on purpose to show exception in console
2021-04-18 21:55:59,707 [main] INFO  com.solvd.townhall.TownHallTest - Set Addresses by calling method created in this classclass com.solvd.townhall.TownHallTest
2021-04-18 21:56:01,558 [main] FATAL com.solvd.townhall.TownHallTest - PROPERTY NOT FOUND!!! PLEASE TRY AGAIN
2021-04-18 21:56:01,559 [main] ERROR com.solvd.townhall.TownHallTest - Passed an error on purpose to show exception in console
2021-04-18 21:56:01,560 [main] INFO  com.solvd.townhall.TownHallTest - Full taxes Reportclass com.solvd.townhall.generics.Report
2021-04-20 08:17:12,424 [main] INFO  com.solvd.townhall.TownHallTest - Set Addresses by calling method created in this classclass com.solvd.townhall.TownHallTest
2021-04-20 08:17:15,393 [main] ERROR com.solvd.townhall.TownHallTest - Because you entered an invalid LAST Name property is NULL.
2021-04-20 08:17:15,398 [main] FATAL com.solvd.townhall.TownHallTest - PROPERTY NOT FOUND!!! PLEASE TRY AGAIN
2021-04-20 08:17:26,965 [main] INFO  com.solvd.townhall.TownHallTest - Set Addresses by calling method created in this classclass com.solvd.townhall.TownHallTest
2021-04-20 08:17:29,921 [main] FATAL com.solvd.townhall.TownHallTest - PROPERTY NOT FOUND!!! PLEASE TRY AGAIN
2021-04-20 08:17:29,922 [main] ERROR com.solvd.townhall.TownHallTest - Passed an error on purpose to show exception in console
2021-04-20 08:17:29,923 [main] INFO  com.solvd.townhall.TownHallTest - Full taxes Report class com.solvd.townhall.generics.Report
2021-04-20 18:25:13,513 [main] INFO  com.solvd.townhall.TownHallTest - Set Addresses by calling method created in this classclass com.solvd.townhall.TownHallTest
2021-04-20 18:25:17,318 [main] ERROR com.solvd.townhall.TownHallTest - Because you entered an invalid LAST Name property is NULL.
2021-04-20 18:25:17,323 [main] FATAL com.solvd.townhall.TownHallTest - PROPERTY NOT FOUND!!! PLEASE TRY AGAIN
2021-04-21 10:49:19,338 [main] INFO  com.solvd.townhall.TownHallTest - Set Addresses by calling method created in classclass com.solvd.townhall.models.City
2021-04-21 10:49:21,477 [main] FATAL com.solvd.townhall.TownHallTest - PROPERTY NOT FOUND!!! PLEASE TRY AGAIN
2021-04-21 10:49:21,477 [main] ERROR com.solvd.townhall.TownHallTest - Passed an error on purpose to show exception in console
2021-04-21 10:49:21,478 [main] INFO  com.solvd.townhall.TownHallTest - Full taxes Report class com.solvd.townhall.generics.Report
2021-04-21 11:10:00,674 [main] INFO  com.solvd.townhall.TownHallTest - Set Addresses by calling method created in classclass com.solvd.townhall.models.City
2021-04-21 11:10:03,402 [main] FATAL com.solvd.townhall.TownHallTest - PROPERTY NOT FOUND!!! PLEASE TRY AGAIN
2021-04-21 11:10:03,402 [main] ERROR com.solvd.townhall.TownHallTest - Passed an error on purpose to show exception in console
2021-04-21 11:10:03,404 [main] INFO  com.solvd.townhall.TownHallTest - Full taxes Report class com.solvd.townhall.generics.Report
2021-04-21 11:10:05,269 [main] ERROR com.solvd.townhall.TownHallTest - Because you entered an invalid LAST Name property is NULL.
2021-04-21 11:10:05,269 [main] FATAL com.solvd.townhall.TownHallTest - PROPERTY NOT FOUND!!! PLEASE TRY AGAIN
2021-04-21 11:25:48,933 [main] INFO  com.solvd.townhall.TownHallTest - Set Addresses by calling method created in classclass com.solvd.townhall.models.City
2021-04-21 22:04:00,679 [main] INFO  com.solvd.townhall.TownHallTest - Set Addresses by calling method created in classclass com.solvd.townhall.models.City
2021-04-21 22:04:46,290 [main] INFO  com.solvd.townhall.TownHallTest - Set Addresses by calling method created in classclass com.solvd.townhall.models.City
2021-04-21 22:05:34,510 [main] INFO  com.solvd.townhall.TownHallTest - Set Addresses by calling method created in classclass com.solvd.townhall.models.City
2021-04-21 22:06:41,996 [main] INFO  com.solvd.townhall.TownHallTest - Set Addresses by calling method created in classclass com.solvd.townhall.models.City
2021-04-21 22:06:42,003 [main] INFO  com.solvd.townhall.TownHallTest - 6
2021-04-22 04:11:48,101 [main] INFO  com.solvd.townhall.TownHallTest - Set Addresses by calling method created in classclass com.solvd.townhall.models.City
2021-04-22 04:11:48,109 [main] INFO  com.solvd.townhall.TownHallTest - java.util.GregorianCalendar[time=?,areFieldsSet=false,areAllFieldsSet=true,lenient=true,zone=sun.util.calendar.ZoneInfo[id="America/Argentina/Buenos_Aires",offset=-10800000,dstSavings=0,useDaylight=false,transitions=62,lastRule=null],firstDayOfWeek=2,minimalDaysInFirstWeek=1,ERA=1,YEAR=1958,MONTH=10,WEEK_OF_YEAR=45,WEEK_OF_MONTH=1,DAY_OF_MONTH=1,DAY_OF_YEAR=305,DAY_OF_WEEK=4,DAY_OF_WEEK_IN_MONTH=1,AM_PM=0,HOUR=4,HOUR_OF_DAY=4,MINUTE=11,SECOND=48,MILLISECOND=109,ZONE_OFFSET=-10800000,DST_OFFSET=0]
2021-04-22 04:17:13,185 [main] INFO  com.solvd.townhall.TownHallTest - Set Addresses by calling method created in classclass com.solvd.townhall.models.City
2021-04-22 04:17:13,190 [main] INFO  com.solvd.townhall.TownHallTest - java.util.GregorianCalendar[time=?,areFieldsSet=false,areAllFieldsSet=true,lenient=true,zone=sun.util.calendar.ZoneInfo[id="America/Argentina/Buenos_Aires",offset=-10800000,dstSavings=0,useDaylight=false,transitions=62,lastRule=null],firstDayOfWeek=2,minimalDaysInFirstWeek=1,ERA=1,YEAR=1958,MONTH=10,WEEK_OF_YEAR=45,WEEK_OF_MONTH=1,DAY_OF_MONTH=1,DAY_OF_YEAR=305,DAY_OF_WEEK=4,DAY_OF_WEEK_IN_MONTH=1,AM_PM=0,HOUR=4,HOUR_OF_DAY=4,MINUTE=17,SECOND=13,MILLISECOND=190,ZONE_OFFSET=-10800000,DST_OFFSET=0]
2021-04-22 04:29:12,150 [main] INFO  com.solvd.townhall.TownHallTest - Set Addresses by calling method created in classclass com.solvd.townhall.models.City
2021-04-22 04:29:12,155 [main] INFO  com.solvd.townhall.TownHallTest - java.util.GregorianCalendar[time=?,areFieldsSet=false,areAllFieldsSet=true,lenient=true,zone=sun.util.calendar.ZoneInfo[id="America/Argentina/Buenos_Aires",offset=-10800000,dstSavings=0,useDaylight=false,transitions=62,lastRule=null],firstDayOfWeek=2,minimalDaysInFirstWeek=1,ERA=1,YEAR=1958,MONTH=10,WEEK_OF_YEAR=45,WEEK_OF_MONTH=1,DAY_OF_MONTH=1,DAY_OF_YEAR=305,DAY_OF_WEEK=4,DAY_OF_WEEK_IN_MONTH=1,AM_PM=0,HOUR=4,HOUR_OF_DAY=4,MINUTE=29,SECOND=12,MILLISECOND=155,ZONE_OFFSET=-10800000,DST_OFFSET=0]
2021-04-22 04:29:20,424 [main] ERROR com.solvd.townhall.TownHallTest - Because you entered an invalid LAST Name property is NULL.
2021-04-22 04:29:20,428 [main] FATAL com.solvd.townhall.TownHallTest - PROPERTY NOT FOUND!!! PLEASE TRY AGAIN
2021-04-22 04:29:29,499 [main] INFO  com.solvd.townhall.TownHallTest - Set Addresses by calling method created in classclass com.solvd.townhall.models.City
2021-04-22 04:29:29,505 [main] INFO  com.solvd.townhall.TownHallTest - java.util.GregorianCalendar[time=?,areFieldsSet=false,areAllFieldsSet=true,lenient=true,zone=sun.util.calendar.ZoneInfo[id="America/Argentina/Buenos_Aires",offset=-10800000,dstSavings=0,useDaylight=false,transitions=62,lastRule=null],firstDayOfWeek=2,minimalDaysInFirstWeek=1,ERA=1,YEAR=1958,MONTH=10,WEEK_OF_YEAR=45,WEEK_OF_MONTH=1,DAY_OF_MONTH=1,DAY_OF_YEAR=305,DAY_OF_WEEK=4,DAY_OF_WEEK_IN_MONTH=1,AM_PM=0,HOUR=4,HOUR_OF_DAY=4,MINUTE=29,SECOND=29,MILLISECOND=505,ZONE_OFFSET=-10800000,DST_OFFSET=0]
2021-04-22 04:29:41,942 [main] FATAL com.solvd.townhall.TownHallTest - PROPERTY NOT FOUND!!! PLEASE TRY AGAIN
2021-04-22 04:29:41,942 [main] ERROR com.solvd.townhall.TownHallTest - Passed an error on purpose to show exception in console
2021-04-22 04:29:41,949 [main] INFO  com.solvd.townhall.TownHallTest - Full taxes Report class com.solvd.townhall.generics.Report
2021-04-22 04:29:48,409 [main] ERROR com.solvd.townhall.TownHallTest - Because you entered an invalid LAST Name property is NULL.
2021-04-22 04:29:48,410 [main] FATAL com.solvd.townhall.TownHallTest - PROPERTY NOT FOUND!!! PLEASE TRY AGAIN
2021-04-22 05:03:04,230 [main] INFO  com.solvd.townhall.TownHallTest - Set Addresses by calling method created in classclass com.solvd.townhall.models.City
2021-04-22 05:04:57,846 [main] FATAL com.solvd.townhall.TownHallTest - PROPERTY NOT FOUND!!! PLEASE TRY AGAIN
2021-04-22 05:05:00,250 [main] ERROR com.solvd.townhall.TownHallTest - Passed an error on purpose to show exception in console
2021-04-22 05:05:02,489 [main] INFO  com.solvd.townhall.TownHallTest - Full taxes Report class com.solvd.townhall.generics.Report
2021-04-22 05:06:20,638 [main] INFO  com.solvd.townhall.TownHallTest - Set Addresses by calling method created in classclass com.solvd.townhall.models.City
2021-04-22 05:06:23,521 [main] FATAL com.solvd.townhall.TownHallTest - PROPERTY NOT FOUND!!! PLEASE TRY AGAIN
2021-04-22 05:06:23,521 [main] ERROR com.solvd.townhall.TownHallTest - Passed an error on purpose to show exception in console
2021-04-22 05:06:23,522 [main] INFO  com.solvd.townhall.TownHallTest - Full taxes Report class com.solvd.townhall.generics.Report
2021-04-22 05:06:31,878 [main] FATAL com.solvd.townhall.TownHallTest - PROPERTY NOT FOUND!!! PLEASE TRY AGAIN
2021-04-22 05:06:31,878 [main] ERROR com.solvd.townhall.TownHallTest - Passed an error on purpose to show exception in console
2021-04-22 05:06:31,879 [main] INFO  com.solvd.townhall.TownHallTest - Full taxes Report class com.solvd.townhall.generics.Report
2021-04-22 05:36:44,996 [0] INFO  java.lang.Thread - Thread 0 got the connection 0
2021-04-22 05:36:44,995 [1] INFO  java.lang.Thread - Thread 1 got the connection 1
2021-04-22 05:36:44,995 [2] INFO  java.lang.Thread - Thread 2 got the connection 2
2021-04-22 05:36:44,998 [main] INFO  com.solvd.townhall.connectionPool.ConnectionsTest - Completable future 1
2021-04-22 05:36:44,995 [3] INFO  java.lang.Thread - Thread 3 got the connection 3
2021-04-22 05:36:44,995 [4] INFO  java.lang.Thread - Thread 4 got the connection 4
2021-04-22 05:36:45,001 [main] INFO  com.solvd.townhall.connectionPool.ConnectionsTest - Completable future 2
2021-04-22 05:36:45,001 [main] INFO  com.solvd.townhall.connectionPool.ConnectionsTest - Completable future 3
2021-04-22 05:36:47,002 [0] INFO  java.lang.Thread - Thread 0 returned the connection 0 to the connection pool and finished.
2021-04-22 05:36:47,002 [2] INFO  java.lang.Thread - Thread 2 returned the connection 2 to the connection pool and finished.
2021-04-22 05:36:47,003 [4] INFO  java.lang.Thread - Thread 4 returned the connection 4 to the connection pool and finished.
2021-04-22 05:36:47,003 [3] INFO  java.lang.Thread - Thread 3 returned the connection 3 to the connection pool and finished.
2021-04-22 05:36:47,003 [5] INFO  java.lang.Thread - Thread 5 got the connection 0
2021-04-22 05:36:47,003 [1] INFO  java.lang.Thread - Thread 1 returned the connection 1 to the connection pool and finished.
2021-04-22 05:36:49,004 [5] INFO  java.lang.Thread - Thread 5 returned the connection 0 to the connection pool and finished.
2021-04-22 05:37:42,361 [1] INFO  java.lang.Thread - Thread 1 got the connection 1
2021-04-22 05:37:42,361 [0] INFO  java.lang.Thread - Thread 0 got the connection 0
2021-04-22 05:37:42,363 [4] INFO  java.lang.Thread - Thread 4 got the connection 4
2021-04-22 05:37:42,361 [2] INFO  java.lang.Thread - Thread 2 got the connection 2
2021-04-22 05:37:42,362 [3] INFO  java.lang.Thread - Thread 3 got the connection 3
2021-04-22 05:37:42,400 [main] INFO  com.solvd.townhall.connectionPool.ConnectionsTest - Completable future 1
2021-04-22 05:37:42,401 [main] INFO  com.solvd.townhall.connectionPool.ConnectionsTest - Completable future 2
2021-04-22 05:37:42,401 [main] INFO  com.solvd.townhall.connectionPool.ConnectionsTest - Completable future 3
2021-04-22 05:37:44,369 [1] INFO  java.lang.Thread - Thread 1 returned the connection 1 to the connection pool and finished.
2021-04-22 05:37:44,369 [2] INFO  java.lang.Thread - Thread 2 returned the connection 2 to the connection pool and finished.
2021-04-22 05:37:44,369 [4] INFO  java.lang.Thread - Thread 4 returned the connection 4 to the connection pool and finished.
2021-04-22 05:37:44,369 [0] INFO  java.lang.Thread - Thread 0 returned the connection 0 to the connection pool and finished.
2021-04-22 05:37:44,370 [3] INFO  java.lang.Thread - Thread 3 returned the connection 3 to the connection pool and finished.
2021-04-22 05:37:44,369 [5] INFO  java.lang.Thread - Thread 5 got the connection 0
2021-04-22 05:37:46,376 [5] INFO  java.lang.Thread - Thread 5 returned the connection 0 to the connection pool and finished.
2021-04-22 05:37:50,802 [4] INFO  java.lang.Thread - Thread 4 got the connection 2
2021-04-22 05:37:50,803 [main] INFO  com.solvd.townhall.connectionPool.ConnectionsTest - Completable future 1
2021-04-22 05:37:50,802 [2] INFO  java.lang.Thread - Thread 2 got the connection 4
2021-04-22 05:37:50,803 [0] INFO  java.lang.Thread - Thread 0 got the connection 0
2021-04-22 05:37:50,803 [3] INFO  java.lang.Thread - Thread 3 got the connection 3
2021-04-22 05:37:50,803 [5] INFO  java.lang.Thread - Thread 5 got the connection 1
2021-04-22 05:37:50,806 [main] INFO  com.solvd.townhall.connectionPool.ConnectionsTest - Completable future 2
2021-04-22 05:37:50,806 [main] INFO  com.solvd.townhall.connectionPool.ConnectionsTest - Completable future 3
2021-04-22 05:37:52,807 [2] INFO  java.lang.Thread - Thread 2 returned the connection 4 to the connection pool and finished.
2021-04-22 05:37:52,807 [4] INFO  java.lang.Thread - Thread 4 returned the connection 2 to the connection pool and finished.
2021-04-22 05:37:52,807 [5] INFO  java.lang.Thread - Thread 5 returned the connection 1 to the connection pool and finished.
2021-04-22 05:37:52,807 [1] INFO  java.lang.Thread - Thread 1 got the connection 1
2021-04-22 05:37:52,808 [0] INFO  java.lang.Thread - Thread 0 returned the connection 0 to the connection pool and finished.
2021-04-22 05:37:52,808 [3] INFO  java.lang.Thread - Thread 3 returned the connection 3 to the connection pool and finished.
2021-04-22 05:37:54,814 [1] INFO  java.lang.Thread - Thread 1 returned the connection 1 to the connection pool and finished.
2021-04-22 05:38:35,027 [1] INFO  java.lang.Thread - Thread 1 got the connection 0
2021-04-22 05:38:35,026 [3] INFO  java.lang.Thread - Thread 3 got the connection 2
2021-04-22 05:38:35,026 [5] INFO  java.lang.Thread - Thread 5 got the connection 3
2021-04-22 05:38:35,026 [2] INFO  java.lang.Thread - Thread 2 got the connection 1
2021-04-22 05:38:35,026 [4] INFO  java.lang.Thread - Thread 4 got the connection 4
2021-04-22 05:38:35,084 [main] INFO  com.solvd.townhall.connectionPool.ConnectionsTest - Completable future 1
2021-04-22 05:38:35,085 [main] INFO  com.solvd.townhall.connectionPool.ConnectionsTest - Completable future 2
2021-04-22 05:38:35,085 [main] INFO  com.solvd.townhall.connectionPool.ConnectionsTest - Completable future 3
2021-04-22 05:38:37,037 [4] INFO  java.lang.Thread - Thread 4 returned the connection 4 to the connection pool and finished.
2021-04-22 05:38:37,037 [1] INFO  java.lang.Thread - Thread 1 returned the connection 0 to the connection pool and finished.
2021-04-22 05:38:37,037 [5] INFO  java.lang.Thread - Thread 5 returned the connection 3 to the connection pool and finished.
2021-04-22 05:38:37,038 [3] INFO  java.lang.Thread - Thread 3 returned the connection 2 to the connection pool and finished.
2021-04-22 05:38:37,038 [2] INFO  java.lang.Thread - Thread 2 returned the connection 1 to the connection pool and finished.
2021-04-22 05:38:49,604 [0] INFO  java.lang.Thread - Thread 0 got the connection 0
2021-04-22 05:39:13,549 [0] INFO  java.lang.Thread - Thread 0 returned the connection 0 to the connection pool and finished.
2021-04-22 05:42:29,586 [2] INFO  java.lang.Thread - Thread 2 got the connection 1
2021-04-22 05:42:29,587 [1] INFO  java.lang.Thread - Thread 1 got the connection 2
2021-04-22 05:42:29,587 [3] INFO  java.lang.Thread - Thread 3 got the connection 0
2021-04-22 05:42:29,587 [5] INFO  java.lang.Thread - Thread 5 got the connection 4
2021-04-22 05:42:29,587 [4] INFO  java.lang.Thread - Thread 4 got the connection 3
2021-04-22 05:42:29,595 [main] INFO  com.solvd.townhall.connectionPool.ConnectionsTest - Completable future 1
2021-04-22 05:42:29,596 [main] INFO  com.solvd.townhall.connectionPool.ConnectionsTest - Completable future 2
2021-04-22 05:42:29,596 [main] INFO  com.solvd.townhall.connectionPool.ConnectionsTest - Completable future 3
2021-04-22 05:42:31,599 [5] INFO  java.lang.Thread - Thread 5 returned the connection 4 to the connection pool and finished.
2021-04-22 05:42:31,599 [1] INFO  java.lang.Thread - Thread 1 returned the connection 2 to the connection pool and finished.
2021-04-22 05:42:31,599 [3] INFO  java.lang.Thread - Thread 3 returned the connection 0 to the connection pool and finished.
2021-04-22 05:42:31,599 [4] INFO  java.lang.Thread - Thread 4 returned the connection 3 to the connection pool and finished.
2021-04-22 05:42:31,598 [0] INFO  java.lang.Thread - Thread 0 got the connection 1
2021-04-22 05:42:31,599 [2] INFO  java.lang.Thread - Thread 2 returned the connection 1 to the connection pool and finished.
2021-04-22 05:42:33,603 [0] INFO  java.lang.Thread - Thread 0 returned the connection 1 to the connection pool and finished.
2021-04-22 05:42:48,331 [2] INFO  java.lang.Thread - Thread 2 got the connection 4
2021-04-22 05:42:48,331 [5] INFO  java.lang.Thread - Thread 5 got the connection 1
2021-04-22 05:42:48,331 [4] INFO  java.lang.Thread - Thread 4 got the connection 2
2021-04-22 05:42:48,331 [0] INFO  java.lang.Thread - Thread 0 got the connection 0
2021-04-22 05:42:48,331 [3] INFO  java.lang.Thread - Thread 3 got the connection 3
2021-04-22 05:42:50,337 [5] INFO  java.lang.Thread - Thread 5 returned the connection 1 to the connection pool and finished.
2021-04-22 05:42:50,337 [1] INFO  java.lang.Thread - Thread 1 got the connection 1
2021-04-22 05:42:50,341 [4] INFO  java.lang.Thread - Thread 4 returned the connection 2 to the connection pool and finished.
2021-04-22 05:42:50,341 [0] INFO  java.lang.Thread - Thread 0 returned the connection 0 to the connection pool and finished.
2021-04-22 05:42:50,341 [3] INFO  java.lang.Thread - Thread 3 returned the connection 3 to the connection pool and finished.
2021-04-22 05:42:50,341 [2] INFO  java.lang.Thread - Thread 2 returned the connection 4 to the connection pool and finished.
2021-04-22 05:42:52,339 [1] INFO  java.lang.Thread - Thread 1 returned the connection 1 to the connection pool and finished.
2021-04-22 05:43:05,060 [main] INFO  com.solvd.townhall.connectionPool.ConnectionsTest - Completable future 1
2021-04-22 05:43:05,063 [main] INFO  com.solvd.townhall.connectionPool.ConnectionsTest - Completable future 2
2021-04-22 05:43:05,064 [main] INFO  com.solvd.townhall.connectionPool.ConnectionsTest - Completable future 3
2021-04-22 05:44:32,848 [3] INFO  java.lang.Thread - Thread 3 got the connection 1
2021-04-22 05:44:32,848 [1] INFO  java.lang.Thread - Thread 1 got the connection 2
2021-04-22 05:44:32,848 [0] INFO  java.lang.Thread - Thread 0 got the connection 3
2021-04-22 05:44:32,848 [2] INFO  java.lang.Thread - Thread 2 got the connection 0
2021-04-22 05:44:32,848 [5] INFO  java.lang.Thread - Thread 5 got the connection 4
2021-04-22 05:44:38,380 [2] INFO  java.lang.Thread - Thread 2 returned the connection 0 to the connection pool and finished.
2021-04-22 05:44:38,381 [5] INFO  java.lang.Thread - Thread 5 returned the connection 4 to the connection pool and finished.
2021-04-22 05:44:38,381 [3] INFO  java.lang.Thread - Thread 3 returned the connection 1 to the connection pool and finished.
2021-04-22 05:44:38,384 [1] INFO  java.lang.Thread - Thread 1 returned the connection 2 to the connection pool and finished.
2021-04-22 05:44:38,444 [4] INFO  java.lang.Thread - Thread 4 got the connection 0
2021-04-22 05:44:38,456 [main] INFO  com.solvd.townhall.connectionPool.ConnectionsTest - Completable future 1
2021-04-22 05:44:38,459 [main] INFO  com.solvd.townhall.connectionPool.ConnectionsTest - Completable future 2
2021-04-22 05:44:38,460 [main] INFO  com.solvd.townhall.connectionPool.ConnectionsTest - Completable future 3
2021-04-22 05:44:41,447 [4] INFO  java.lang.Thread - Thread 4 returned the connection 0 to the connection pool and finished.
2021-04-22 05:44:43,914 [0] INFO  java.lang.Thread - Thread 0 returned the connection 3 to the connection pool and finished.
2021-04-22 05:51:01,134 [0] INFO  java.lang.Thread - Thread 0 got the connection 0
2021-04-22 05:51:01,134 [3] INFO  java.lang.Thread - Thread 3 got the connection 3
2021-04-22 05:51:01,134 [1] INFO  java.lang.Thread - Thread 1 got the connection 1
2021-04-22 05:51:01,134 [2] INFO  java.lang.Thread - Thread 2 got the connection 2
2021-04-22 05:51:01,134 [main] INFO  com.solvd.townhall.connectionPool.ConnectionsTest - Completable future 1
2021-04-22 05:51:01,134 [4] INFO  java.lang.Thread - Thread 4 got the connection 4
2021-04-22 05:51:01,138 [main] INFO  com.solvd.townhall.connectionPool.ConnectionsTest - Completable future 2
2021-04-22 05:51:01,138 [main] INFO  com.solvd.townhall.connectionPool.ConnectionsTest - Completable future 3
2021-04-22 05:51:03,143 [1] INFO  java.lang.Thread - Thread 1 returned the connection 1 to the connection pool and finished.
2021-04-22 05:51:03,143 [4] INFO  java.lang.Thread - Thread 4 returned the connection 4 to the connection pool and finished.
2021-04-22 05:51:03,143 [2] INFO  java.lang.Thread - Thread 2 returned the connection 2 to the connection pool and finished.
2021-04-22 05:51:03,144 [0] INFO  java.lang.Thread - Thread 0 returned the connection 0 to the connection pool and finished.
2021-04-22 05:51:03,144 [3] INFO  java.lang.Thread - Thread 3 returned the connection 3 to the connection pool and finished.
2021-04-22 05:51:03,144 [5] INFO  java.lang.Thread - Thread 5 got the connection 0
2021-04-22 05:51:05,145 [5] INFO  java.lang.Thread - Thread 5 returned the connection 0 to the connection pool and finished.
2021-04-22 05:51:56,529 [2] INFO  java.lang.Thread - Thread 2 got the connection 1
2021-04-22 05:51:56,529 [1] INFO  java.lang.Thread - Thread 1 got the connection 3
2021-04-22 05:51:56,528 [main] INFO  com.solvd.townhall.connectionPool.ConnectionsTest - Completable future 1
2021-04-22 05:51:56,529 [0] INFO  java.lang.Thread - Thread 0 got the connection 0
2021-04-22 05:51:56,529 [3] INFO  java.lang.Thread - Thread 3 got the connection 2
2021-04-22 05:51:56,528 [4] INFO  java.lang.Thread - Thread 4 got the connection 4
2021-04-22 05:51:56,532 [main] INFO  com.solvd.townhall.connectionPool.ConnectionsTest - Completable future 2
2021-04-22 05:51:56,533 [main] INFO  com.solvd.townhall.connectionPool.ConnectionsTest - Completable future 3
2021-04-22 05:51:58,535 [5] INFO  java.lang.Thread - Thread 5 got the connection 0
2021-04-22 05:51:58,536 [1] INFO  java.lang.Thread - Thread 1 returned the connection 3 to the connection pool and finished.
2021-04-22 05:51:58,536 [0] INFO  java.lang.Thread - Thread 0 returned the connection 0 to the connection pool and finished.
2021-04-22 05:51:58,536 [3] INFO  java.lang.Thread - Thread 3 returned the connection 2 to the connection pool and finished.
2021-04-22 05:51:58,536 [4] INFO  java.lang.Thread - Thread 4 returned the connection 4 to the connection pool and finished.
2021-04-22 05:51:58,537 [2] INFO  java.lang.Thread - Thread 2 returned the connection 1 to the connection pool and finished.
2021-04-22 05:52:00,537 [5] INFO  java.lang.Thread - Thread 5 returned the connection 0 to the connection pool and finished.
2021-04-22 06:50:37,244 [main] INFO  com.solvd.townhall.TownHallTest - Set Addresses by calling method created in classclass com.solvd.townhall.models.City
2021-04-22 06:50:40,033 [main] FATAL com.solvd.townhall.TownHallTest - PROPERTY NOT FOUND!!! PLEASE TRY AGAIN
2021-04-22 06:50:40,033 [main] ERROR com.solvd.townhall.TownHallTest - Passed an error on purpose to show exception in console
2021-04-22 06:50:40,036 [main] INFO  com.solvd.townhall.TownHallTest - Full taxes Report class com.solvd.townhall.generics.Report
2021-04-22 06:50:51,958 [main] INFO  com.solvd.townhall.TownHallTest - Set Addresses by calling method created in classclass com.solvd.townhall.models.City
2021-04-22 06:50:54,168 [main] FATAL com.solvd.townhall.TownHallTest - PROPERTY NOT FOUND!!! PLEASE TRY AGAIN
2021-04-22 06:50:54,169 [main] ERROR com.solvd.townhall.TownHallTest - Passed an error on purpose to show exception in console
2021-04-22 06:50:54,173 [main] INFO  com.solvd.townhall.TownHallTest - Full taxes Report class com.solvd.townhall.generics.Report
2021-04-23 06:36:38,021 [1] INFO  java.lang.Thread - Thread 1 got the connection 2
2021-04-23 06:36:38,025 [0] INFO  java.lang.Thread - Thread 0 got the connection 0
2021-04-23 06:36:38,023 [3] INFO  java.lang.Thread - Thread 3 got the connection 3
2021-04-23 06:36:38,024 [4] INFO  java.lang.Thread - Thread 4 got the connection 1
2021-04-23 06:36:38,022 [5] INFO  java.lang.Thread - Thread 5 got the connection 4
2021-04-23 06:36:38,033 [main] INFO  com.solvd.townhall.connectionPool.ConnectionsTest - Completable future 1
2021-04-23 06:36:38,034 [main] INFO  com.solvd.townhall.connectionPool.ConnectionsTest - Completable future 2
2021-04-23 06:36:38,035 [main] INFO  com.solvd.townhall.connectionPool.ConnectionsTest - Completable future 3
2021-04-23 06:36:40,035 [1] INFO  java.lang.Thread - Thread 1 returned the connection 2 to the connection pool and finished.
2021-04-23 06:36:40,036 [4] INFO  java.lang.Thread - Thread 4 returned the connection 1 to the connection pool and finished.
2021-04-23 06:36:40,035 [2] INFO  java.lang.Thread - Thread 2 got the connection 0
2021-04-23 06:36:40,036 [0] INFO  java.lang.Thread - Thread 0 returned the connection 0 to the connection pool and finished.
2021-04-23 06:36:40,036 [5] INFO  java.lang.Thread - Thread 5 returned the connection 4 to the connection pool and finished.
2021-04-23 06:36:40,036 [3] INFO  java.lang.Thread - Thread 3 returned the connection 3 to the connection pool and finished.
2021-04-23 06:36:42,042 [2] INFO  java.lang.Thread - Thread 2 returned the connection 0 to the connection pool and finished.
